rosrun fancy_robot robocontrol.py
L 0.391344666481 0.450502455235 0.867233514786 | 3.36422467232 | 0.970282495022 0.574736297131 0.530986785889 R
L 0.375894963741 0.445741742849 0.854733586311 | 3.35395336151 | 0.957407355309 0.586411654949 0.511205077171 R
L 0.395991057158 0.470135360956 0.83067470789 | 3.2729344368 | 0.995053172112 0.59113574028 0.517878174782 R
L 0.392766475677 0.444126814604 0.781042098999 | 3.13276672363 | 1.05219054222 0.581354498863 0.506328105927 R
L 0.372836887836 0.452869445086 0.737207531929 | 2.93964242935 | 1.13942325115 0.598813831806 0.511178970337 R
L 0.372945636511 0.416128605604 0.644713699818 | 2.55138254166 | 1.31866657734 0.641494393349 0.519949674606 R
L 0.389228463173 0.37767508626 0.552435517311 | 1.37803649902 | 2.16619277 0.741810023785 0.551580190659 R
L 0.396458506584 0.350486934185 0.426233202219 | 0.707950294018 | 2.90845918655 1.0821852684 0.619518697262 R
L 0.452343553305 0.302412480116 0.308928638697 | 0.398397982121 | 0.887804985046 3.30949640274 0.93582290411 R
L 0.595492005348 0.280446857214 0.224283963442 | 0.222868204117 | 0.350836634636 1.29010558128 inf R
L 1.1811273098 0.217540338635 0.12609808147 | 0.221108987927 | 0.134972691536 0.236479148269 2.37976670265 R
L 1.85015714169 0.190767332911 0.241039693356 | 0.188666313887 | 0.221740469337 0.144405201077 1.52058064938 R
L 1.84109437466 0.197164088488 0.235949635506 | 0.190682023764 | 0.204505771399 0.159118458629 1.52150094509 R
L 1.82715475559 0.203990802169 0.232521608472 | 0.179149374366 | 0.20884861052 0.1408675313 1.53067338467 R
L 1.83194112778 0.174907520413 0.223673328757 | 0.188232347369 | 0.230175614357 0.160532459617 1.54954373837 R
L 1.83515584469 0.202951222658 0.222452670336 | 0.174035385251 | 0.200699180365 0.157126814127 1.55933094025 R
L 1.81387805939 0.201772302389 0.219297558069 | 0.197774603963 | 0.201351359487 0.148235619068 1.55465292931 R

rosrun fancy_robot robocontrol.py
L 0.347498655319 0.374318927526 0.533453643322 | 1.83880460262 | 1.67898762226 0.741622328758 0.575069665909 R
L 0.35739415884 0.357895851135 0.523219347 | 1.83359539509 | 1.67852890491 0.745606124401 0.571998000145 R
L 0.333401530981 0.344771623611 0.473287552595 | 1.38264286518 | inf 0.773154735565 0.58032733202 R
L 0.358239233494 0.3513918221 0.47540974617 | 1.14891016483 | 3.44989490509 0.836066007614 0.607035696507 R
L 0.34030148387 0.338781028986 0.429052710533 | 0.918116867542 | 3.22187113762 0.904514551163 0.609782457352 R
L 0.343107759953 0.298335880041 0.367073476315 | 0.637551605701 | 2.75680541992 1.13022482395 0.661549568176 R
L 0.374127805233 0.274971365929 0.306665569544 | 0.429173469543 | 1.68519842625 1.75307333469 0.811092734337 R
L 0.355992168188 0.239303007722 0.218871533871 | 0.260952264071 | 0.536485075951 2.81713366508 1.14101016521 R
L 0.347648888826 0.16383613646 0.124272681773 | 0.139353901148 | 0.216294839978 0.842490673065 3.4208483696 R
L 0.780434191227 0.140725284815 0.209903404117 | 0.19275444746 | 0.233068078756 0.214058071375 2.42674732208 R
L 1.67282295227 0.179056614637 0.221582680941 | 0.195382967591 | 0.204949066043 0.165386646986 1.81329858303 R
L 1.65560638905 0.160957038403 0.218707472086 | 0.174491077662 | 0.225068375468 0.156722337008 1.83862614632 R
L 1.6401335001 0.189227759838 0.232539072633 | 0.191054388881 | 0.224435374141 0.153725728393 1.81974816322 R
L 1.60317826271 0.159746974707 0.22444601357 | 0.186223596334 | 0.228036373854 0.176807522774 1.84161174297 R
L 1.59658205509 0.160782799125 0.216089621186 | 0.189480051398 | 0.202744796872 0.162447929382 1.85861551762 R
L 1.6044536829 0.169540628791 0.227720096707 | 0.183756038547 | 0.216178059578 0.155300870538 1.86738920212 R
L 1.57621216774 0.185696214437 0.20791631937 | 0.188599422574 | 0.199653282762 0.163858383894 1.87339115143 R
L 1.57413804531 0.170135572553 0.228130862117 | 0.166361644864 | 0.205852970481 0.155196934938 1.87701547146 R

rosrun fancy_robot robocontrol.py
L 0.35582280159 0.524131715298 1.95951795578 | 1.6757787466 | 0.75001347065 0.586676359177 0.602325797081 R
L 0.350002676249 0.508208215237 1.99487328529 | 1.65431761742 | 0.754746735096 0.581654250622 0.620259344578 R
L 0.361252635717 0.53185492754 2.07506513596 | 1.59467279911 | 0.746660709381 0.583080530167 0.596874952316 R
L 0.373648107052 0.596097350121 2.45473623276 | 1.36200404167 | 0.704431533813 0.577526509762 0.635087490082 R
L 0.425296992064 0.765409469604 2.90973758698 | 1.03916013241 | 0.591824710369 0.542659342289 0.652724444866 R
L 0.523518800735 1.17451858521 3.24963355064 | 0.803817331791 | 0.559019267559 0.528715193272 0.713957071304 R
L 0.585351228714 1.61975383759 3.35345935822 | 0.706826686859 | 0.479248553514 0.47283795476 0.670329749584 R
L 0.661396443844 1.58371663094 3.21575522423 | 0.655433893204 | 0.434022367001 0.432983368635 0.551291882992 R
L 0.678703904152 1.41655886173 3.00694227219 | 0.627906680107 | 0.415847688913 0.368189960718 0.459384977818 R
L 0.690235555172 1.29342556 2.78698182106 | 0.605039656162 | 0.363138705492 0.320429354906 0.38329616189 R
L 0.714577794075 1.19245505333 2.59689474106 | 0.607995152473 | 0.337064683437 0.282289385796 0.324352025986 R
L 0.725204527378 1.11506640911 2.41726279259 | 0.640564858913 | 0.283501029015 0.258274912834 0.28543689847 R
L 0.715110242367 1.06466019154 2.18927669525 | 0.683412969112 | 0.286343276501 0.226742312312 0.219593062997 R
L 0.735844254494 1.00990331173 1.97751891613 | 0.770636677742 | 0.25503885746 0.195362538099 0.204700067639 R
L 0.737476468086 0.965767025948 1.78755390644 | 0.935764193535 | 0.253436267376 0.184923797846 0.166192159057 R
L 0.752475619316 0.929353475571 1.63917279243 | 2.51756954193 | 0.26484683156 0.170427918434 0.149285331368 R
L 0.742790400982 0.926422953606 1.59271621704 | 2.41204357147 | 0.276196688414 0.174524232745 0.156906172633 R
L 0.750679075718 0.945940315723 1.57373917103 | 2.33676743507 | 0.250506281853 0.149981051683 0.135901898146 R
L 0.754246413708 0.943115234375 1.53001821041 | 2.27809596062 | 0.243468359113 0.159068003297 0.132360607386 R
L 0.782964229584 0.963250517845 1.50861394405 | 2.1822412014 | 0.243765920401 0.163900434971 0.138346016407 R
L 0.802764415741 0.977333664894 1.45922493935 | 2.10726332664 | 0.210286661983 0.138918742537 0.126650169492 R
L 0.777330815792 0.98380023241 1.42166817188 | 2.03279089928 | 0.200015023351 0.150451183319 0.227592125535 